<?xml version="1.0" encoding="UTF-8"?>
<!-- Generated by org.testng.reporters.JUnitXMLReporter -->
<testsuite ignored="0" hostname="Tilak" failures="0" tests="2" name="loginValidtion" time="13.208" errors="0" timestamp="2024-05-16T09:04:23 IST">
  <testcase classname="OrangeHRMApplciationTestCases.OrangeHrm_Login_validation_WithXLSX" name="orangeHrm_LoginPageValidation" time="0.926"/>
  <testcase classname="OrangeHRMApplciationTestCases.OrangeHrm_Login_validation_WithXLSX" name="orangHRM_LoginValidation" time="9.839"/>
</testsuite> <!-- loginValidtion -->
