<?xml version="1.0" encoding="UTF-8"?>
<testng-results ignored="0" total="1" passed="1" failed="0" skipped="0">
  <reporter-output>
  </reporter-output>
  <suite started-at="2024-05-22T09:25:34 IST" name="Default suite" finished-at="2024-05-22T09:26:04 IST" duration-ms="30276">
    <groups>
    </groups>
    <test started-at="2024-05-22T09:25:34 IST" name="Default test" finished-at="2024-05-22T09:26:04 IST" duration-ms="30276">
      <class name="OrangeHrmApplicationTestDataFiles.Employeelist1">
        <test-method is-config="true" signature="applicationlaunch()[pri:0, instance:OrangeHrmApplicationTestDataFiles.Employeelist1@6e6f2380]" started-at="2024-05-22T09:25:34 IST" name="applicationlaunch" finished-at="2024-05-22T09:25:37 IST" duration-ms="3109" status="PASS">
          <reporter-output>
          </reporter-output>
        </test-method> <!-- applicationlaunch -->
        <test-method signature="employeeListValidation()[pri:1, instance:OrangeHrmApplicationTestDataFiles.Employeelist1@6e6f2380]" started-at="2024-05-22T09:25:37 IST" name="employeeListValidation" description=" Validating OrangeHRM Application Employee list" finished-at="2024-05-22T09:26:04 IST" duration-ms="26867" status="PASS">
          <reporter-output>
          </reporter-output>
        </test-method> <!-- employeeListValidation -->
        <test-method is-config="true" signature="appplicationClose()[pri:0, instance:OrangeHrmApplicationTestDataFiles.Employeelist1@6e6f2380]" started-at="2024-05-22T09:26:04 IST" name="appplicationClose" finished-at="2024-05-22T09:26:04 IST" duration-ms="192" status="PASS">
          <reporter-output>
          </reporter-output>
        </test-method> <!-- appplicationClose -->
      </class> <!-- OrangeHrmApplicationTestDataFiles.Employeelist1 -->
    </test> <!-- Default test -->
  </suite> <!-- Default suite -->
</testng-results>
